
2020-01-20 13:35:21,237: CreatesLoger | ШКОЛА "zxcv" была успешно добавлена!

2020-01-20 13:38:30,590: CreatesLoger | ШКОЛА "fghj" была успешно добавлена!

2020-01-20 13:38:30,591: CreatesLoger | ШКОЛА "fghj" была успешно добавлена!

2020-01-20 19:32:56,170: CreatesLoger | РАСПИСАНИЕ "2020-01-20 - 10 A - Математика" было успешно добавлено!

2020-01-20 20:02:31,253: CreatesLoger | УРОК "10 A - География" был успешно добавлен!

2020-01-20 20:03:28,698: CreatesLoger | УРОК "10 A - Биология" был успешно добавлен!

2020-01-20 20:05:11,541: CreatesLoger | РАСПИСАНИЕ "2020-01-20 - 10 A - Биология" было успешно добавлено!

2020-01-20 20:05:24,359: CreatesLoger | РАСПИСАНИЕ "2020-01-20 - 10 A - Биология" было успешно добавлено!

2020-01-20 20:05:52,394: CreatesLoger | РАСПИСАНИЕ "2020-01-20 - 10 A - Биология" было успешно добавлено!

2020-01-20 20:06:24,654: CreatesLoger | УРОК "10 A - Черчение" был успешно добавлен!

2020-01-20 20:08:35,163: CreatesLoger | УРОК "10 A - Русский-яз." был успешно добавлен!

2020-01-20 20:10:46,282: CreatesLoger | УРОК "10 A - География" был успешно добавлен!

2020-01-20 20:12:17,425: CreatesLoger | РАСПИСАНИЕ "2020-01-20 - 10 A - География" было успешно добавлено!

2020-01-20 20:17:20,029: CreatesLoger | УРОК "10 A - Математика" был успешно добавлен!

2020-01-20 20:17:20,115: CreatesLoger | РАСПИСАНИЕ "2020-01-20 - 10 A - Математика" было успешно добавлено!

2020-01-20 20:17:31,422: CreatesLoger | РАСПИСАНИЕ "2020-01-09 - 10 A - Русский-яз." было успешно добавлено!

2020-01-20 20:32:13,318: CreatesLoger | РАСПИСАНИЕ "2020-01-20 - 10 A - География" было успешно добавлено!

2020-01-20 20:32:25,281: CreatesLoger | УРОК "10 A - Обществознание" был успешно добавлен!

2020-01-20 20:32:25,375: CreatesLoger | РАСПИСАНИЕ "2020-01-20 - 10 A - Обществознание" было успешно добавлено!

2020-01-20 20:32:41,849: CreatesLoger | УРОК "10 A - Английский-яз." был успешно добавлен!

2020-01-20 20:32:42,037: CreatesLoger | РАСПИСАНИЕ "2020-01-20 - 10 A - Английский-яз." было успешно добавлено!

2020-01-20 20:38:50,211: CreatesLoger | УРОК "4 Б - Английский-яз." был успешно добавлен!

2020-01-20 20:38:50,295: CreatesLoger | РАСПИСАНИЕ "2020-01-20 - 4 Б - Английский-яз." было успешно добавлено!

2020-01-20 20:47:25,284: CreatesLoger | РАСПИСАНИЕ "2020-01-27 - 10 A - Математика" было успешно добавлено!

2020-01-20 20:47:25,355: CreatesLoger | РАСПИСАНИЕ "2020-01-27 - 10 A - География" было успешно добавлено!

2020-01-20 21:28:13,305: CreatesLoger | УРОК "4 Б - Химия" был успешно добавлен!

2020-01-20 21:28:13,367: CreatesLoger | РАСПИСАНИЕ "2020-01-20 - 4 Б - Химия" было успешно добавлено!

2020-01-20 21:28:27,393: CreatesLoger | РАСПИСАНИЕ "2020-01-27 - 4 Б - Химия" было успешно добавлено!

2020-01-20 21:28:47,396: CreatesLoger | РАСПИСАНИЕ "2020-01-27 - 4 Б - Английский-яз." было успешно добавлено!

2020-01-21 10:58:03,345: CreatesLoger | РАСПИСАНИЕ "2020-01-21 - 10 A - Русский-яз." было успешно добавлено!

2020-01-21 10:59:02,071: CreatesLoger | РАСПИСАНИЕ "2020-01-21 - 10 A - Русский-яз." было успешно добавлено!

2020-01-21 10:59:08,910: CreatesLoger | РАСПИСАНИЕ "2020-01-28 - 10 A - Русский-яз." было успешно добавлено!

2020-01-21 10:59:09,000: CreatesLoger | РАСПИСАНИЕ "2020-01-28 - 10 A - Русский-яз." было успешно добавлено!

2020-01-21 12:50:58,478: CreatesLoger | УРОК "10 A - Информатика" был успешно добавлен!

2020-01-21 12:50:58,562: CreatesLoger | РАСПИСАНИЕ "2020-01-21 - 10 A - Информатика" было успешно добавлено!

2020-01-21 13:09:23,605: CreatesLoger | УРОК "10 A - Химия" был успешно добавлен!

2020-01-21 13:09:23,650: CreatesLoger | РАСПИСАНИЕ "2020-01-21 - 10 A - Химия" было успешно добавлено!

2020-01-21 13:10:07,631: CreatesLoger | УРОК "10 A - Черчение" был успешно добавлен!

2020-01-21 13:10:07,718: CreatesLoger | РАСПИСАНИЕ "2020-01-21 - 10 A - Черчение" было успешно добавлено!

2020-01-21 14:31:31,423: CreatesLoger | РАСПИСАНИЕ "2020-01-28 - 10 A - Информатика" было успешно добавлено!

2020-01-21 14:31:31,494: CreatesLoger | РАСПИСАНИЕ "2020-01-28 - 10 A - Химия" было успешно добавлено!

2020-01-21 14:31:31,565: CreatesLoger | РАСПИСАНИЕ "2020-01-28 - 10 A - Черчение" было успешно добавлено!

2020-01-21 14:34:45,349: CreatesLoger | РАСПИСАНИЕ "2020-01-28 - 10 A - Русский-яз." было успешно добавлено!

2020-01-21 14:34:45,428: CreatesLoger | РАСПИСАНИЕ "2020-01-28 - 10 A - Информатика" было успешно добавлено!

2020-01-21 14:34:45,506: CreatesLoger | РАСПИСАНИЕ "2020-01-28 - 10 A - Химия" было успешно добавлено!

2020-01-21 14:34:45,589: CreatesLoger | РАСПИСАНИЕ "2020-01-28 - 10 A - Черчение" было успешно добавлено!

2020-01-21 15:51:32,067: CreatesLoger | РАСПИСАНИЕ "2020-01-21 - 10 A - Русский-яз." было успешно добавлено!

2020-01-21 15:51:48,630: CreatesLoger | РАСПИСАНИЕ "2020-01-21 - 10 A - Русский-яз." было успешно добавлено!

2020-01-21 15:51:50,607: CreatesLoger | РАСПИСАНИЕ "2020-01-21 - 10 A - Русский-яз." было успешно добавлено!

2020-01-21 15:51:52,512: CreatesLoger | РАСПИСАНИЕ "2020-01-21 - 10 A - Русский-яз." было успешно добавлено!

2020-01-21 15:51:54,390: CreatesLoger | РАСПИСАНИЕ "2020-01-21 - 10 A - Русский-яз." было успешно добавлено!

2020-01-21 15:51:56,739: CreatesLoger | РАСПИСАНИЕ "2020-01-21 - 10 A - Русский-яз." было успешно добавлено!

2020-01-21 15:51:58,721: CreatesLoger | РАСПИСАНИЕ "2020-01-21 - 10 A - Русский-яз." было успешно добавлено!

2020-01-21 15:52:19,432: CreatesLoger | РАСПИСАНИЕ "2020-01-21 - 10 A - Русский-яз." было успешно добавлено!

2020-01-21 15:52:21,538: CreatesLoger | РАСПИСАНИЕ "2020-01-21 - 10 A - Русский-яз." было успешно добавлено!

2020-01-21 15:52:23,285: CreatesLoger | РАСПИСАНИЕ "2020-01-21 - 10 A - Русский-яз." было успешно добавлено!

2020-01-21 15:52:25,082: CreatesLoger | РАСПИСАНИЕ "2020-01-21 - 10 A - Русский-яз." было успешно добавлено!

2020-01-21 15:52:26,827: CreatesLoger | РАСПИСАНИЕ "2020-01-21 - 10 A - Русский-яз." было успешно добавлено!

2020-01-21 15:52:48,332: CreatesLoger | РАСПИСАНИЕ "2020-01-14 - 10 A - Русский-яз." было успешно добавлено!

2020-01-21 16:04:20,930: CreatesLoger | ШКОЛА "9381school" была успешно добавлена!

2020-01-21 16:10:44,466: CreatesLoger | РАСПИСАНИЕ "2020-01-28 - 10 A - Русский-яз." было успешно добавлено!

2020-01-21 16:16:24,160: CreatesLoger | ШКОЛА "430teacher" была успешно добавлена!

2020-01-21 16:16:24,545: CreatesLoger | УЧИТЕЛЬ "Пегий Дудочник Дудочник" был успешно добавлен!

2020-01-21 16:18:02,479: CreatesLoger | ШКОЛА "9381school" была успешно добавлена!

2020-01-21 17:17:44,127: CreatesLoger | КЛАСС "10 И Таджикский" был успешно добавлен!

2020-01-21 17:46:06,287: CreatesLoger | УЧЕНИК "Пегий Дудочник" был успешно добавлен!

2020-01-21 18:30:49,281: CreatesLoger | ШКОЛА "9389parent" была успешно добавлена!

2020-01-21 18:43:26,307: CreatesLoger | ШКОЛА "9390parent" была успешно добавлена!

2020-01-22 11:15:41,380: CreatesLoger | РАСПИСАНИЕ "2020-01-22 - 10 A - Обществознание" было успешно добавлено!
