
2020-01-20 13:30:04,086: DeletesLoger | ШКОЛА "qwer" была успешно удалёна!

2020-01-20 13:40:43,677: DeletesLoger | ШКОЛА "fghj" была успешно удалёна!

2020-01-20 13:40:43,678: DeletesLoger | ШКОЛА "zxcv" была успешно удалёна!

2020-01-20 19:32:01,713: DeletesLoger | РАСПИСАНИЕ "2020-01-09 - 10 A - Новый предмет" было успешно удалёно!

2020-01-20 19:33:04,487: DeletesLoger | РАСПИСАНИЕ "2020-01-15 - 4 Б - Алгебра" было успешно удалёно!

2020-01-20 19:56:29,292: DeletesLoger | РАСПИСАНИЕ "2020-01-27 - 10 A - Химия" было успешно удалёно!

2020-01-20 19:56:29,309: DeletesLoger | РАСПИСАНИЕ "2020-01-20 - 10 A - Химия" было успешно удалёно!

2020-01-20 19:56:29,320: DeletesLoger | РАСПИСАНИЕ "2020-01-16 - 10 A - Химия" было успешно удалёно!

2020-01-20 19:56:29,328: DeletesLoger | УРОК "10 A - Химия" был успешно удалён!

2020-01-20 19:56:36,159: DeletesLoger | УРОК "10 A - Русский" был успешно удалён!

2020-01-20 20:05:38,301: DeletesLoger | РАСПИСАНИЕ "2020-01-20 - 10 A - Математика" было успешно удалёно!

2020-01-20 20:05:38,310: DeletesLoger | РАСПИСАНИЕ "2020-01-20 - 10 A - Математика" было успешно удалёно!

2020-01-20 20:05:38,319: DeletesLoger | РАСПИСАНИЕ "2020-01-20 - 10 A - Математика" было успешно удалёно!

2020-01-20 20:05:38,331: DeletesLoger | РАСПИСАНИЕ "2020-01-20 - 10 A - Математика" было успешно удалёно!

2020-01-20 20:05:38,340: DeletesLoger | РАСПИСАНИЕ "2020-01-27 - 10 A - Математика" было успешно удалёно!

2020-01-20 20:05:38,349: DeletesLoger | РАСПИСАНИЕ "2020-01-27 - 10 A - Математика" было успешно удалёно!

2020-01-20 20:05:38,357: DeletesLoger | РАСПИСАНИЕ "2020-01-20 - 10 A - Математика" было успешно удалёно!

2020-01-20 20:05:38,361: DeletesLoger | РАСПИСАНИЕ "2020-01-20 - 10 A - Математика" было успешно удалёно!

2020-01-20 20:05:38,367: DeletesLoger | РАСПИСАНИЕ "2020-01-19 - 10 A - Математика" было успешно удалёно!

2020-01-20 20:05:38,369: DeletesLoger | РАСПИСАНИЕ "2020-01-19 - 10 A - Математика" было успешно удалёно!

2020-01-20 20:05:38,371: DeletesLoger | РАСПИСАНИЕ "2020-01-16 - 10 A - Математика" было успешно удалёно!

2020-01-20 20:05:38,374: DeletesLoger | РАСПИСАНИЕ "2020-01-17 - 10 A - Математика" было успешно удалёно!

2020-01-20 20:05:38,378: DeletesLoger | РАСПИСАНИЕ "2020-01-24 - 10 A - Математика" было успешно удалёно!

2020-01-20 20:08:12,663: DeletesLoger | РАСПИСАНИЕ "2020-01-20 - 10 A - Биология" было успешно удалёно!

2020-01-20 20:08:12,667: DeletesLoger | РАСПИСАНИЕ "2020-01-20 - 10 A - Биология" было успешно удалёно!

2020-01-20 20:08:12,674: DeletesLoger | РАСПИСАНИЕ "2020-01-20 - 10 A - Биология" было успешно удалёно!

2020-01-20 20:08:12,679: DeletesLoger | УРОК "10 A - Черчение" был успешно удалён!

2020-01-20 20:08:12,684: DeletesLoger | УРОК "10 A - Биология" был успешно удалён!

2020-01-20 20:08:12,688: DeletesLoger | УРОК "10 A - География" был успешно удалён!

2020-01-20 20:08:12,689: DeletesLoger | УРОК "10 A - Алгебра" был успешно удалён!

2020-01-20 20:08:12,691: DeletesLoger | УРОК "10 A - Новый предмет" был успешно удалён!

2020-01-20 20:08:12,692: DeletesLoger | УРОК "10 A - История" был успешно удалён!

2020-01-20 20:08:12,695: DeletesLoger | УРОК "10 A - Английский-яз." был успешно удалён!

2020-01-20 20:08:12,696: DeletesLoger | УРОК "10 A - Музыка" был успешно удалён!

2020-01-20 20:08:12,697: DeletesLoger | УРОК "4 Б - Алгебра" был успешно удалён!

2020-01-20 20:08:12,698: DeletesLoger | УРОК "10 A - Математика" был успешно удалён!

2020-01-20 20:29:45,927: DeletesLoger | РАСПИСАНИЕ "2020-01-20 - 10 A - География" было успешно удалёно!

2020-01-21 12:43:56,070: DeletesLoger | РАСПИСАНИЕ "2020-01-21 - 10 A - Русский-яз." было успешно удалёно!

2020-01-21 13:34:50,805: DeletesLoger | УЧЕНИК "fr rfvr" был успешно удалён!

2020-01-21 14:33:50,965: DeletesLoger | РАСПИСАНИЕ "2020-01-28 - 10 A - Черчение" было успешно удалёно!

2020-01-21 14:33:50,973: DeletesLoger | РАСПИСАНИЕ "2020-01-28 - 10 A - Химия" было успешно удалёно!

2020-01-21 14:33:50,985: DeletesLoger | РАСПИСАНИЕ "2020-01-28 - 10 A - Информатика" было успешно удалёно!

2020-01-21 14:33:51,001: DeletesLoger | РАСПИСАНИЕ "2020-01-28 - 10 A - Русский-яз." было успешно удалёно!

2020-01-21 14:33:51,010: DeletesLoger | РАСПИСАНИЕ "2020-01-28 - 10 A - Русский-яз." было успешно удалёно!

2020-01-21 16:13:51,820: DeletesLoger | ШКОЛА "9381school" была успешно удалёна!

2020-01-21 16:18:03,202: DeletesLoger | ШКОЛА "9381school" была успешно удалёна!

2020-01-21 16:19:22,875: DeletesLoger | УЧИТЕЛЬ "asdf" был успешно удалён!

2020-01-21 16:19:22,876: DeletesLoger | УЧИТЕЛЬ "Fsdf" был успешно удалён!

2020-01-21 16:19:22,894: DeletesLoger | РАСПИСАНИЕ "2020-01-20 - 10 A - Английский-яз." было успешно удалёно!

2020-01-21 16:19:22,901: DeletesLoger | УРОК "10 A - Английский-яз." был успешно удалён!

2020-01-21 17:00:39,390: DeletesLoger | ШКОЛА "430teacher" была успешно удалёна!

2020-01-21 17:00:39,391: DeletesLoger | УЧИТЕЛЬ "Пегий Дудочникsss Дудочник" был успешно удалён!

2020-01-21 17:04:58,752: DeletesLoger | РАСПИСАНИЕ "2020-01-21 - 10 A - Русский-яз." было успешно удалёно!

2020-01-21 17:05:03,649: DeletesLoger | РАСПИСАНИЕ "2020-01-21 - 10 A - Русский-яз." было успешно удалёно!

2020-01-21 17:05:06,926: DeletesLoger | РАСПИСАНИЕ "2020-01-21 - 10 A - Русский-яз." было успешно удалёно!

2020-01-21 17:05:09,631: DeletesLoger | РАСПИСАНИЕ "2020-01-21 - 10 A - Русский-яз." было успешно удалёно!

2020-01-21 17:05:14,912: DeletesLoger | РАСПИСАНИЕ "2020-01-21 - 10 A - Русский-яз." было успешно удалёно!

2020-01-21 17:41:56,408: DeletesLoger | КЛАСС "6 Ж Узбекский" был успешно удалён!

2020-01-21 18:37:00,257: DeletesLoger | ШКОЛА "9389parent" была успешно удалёна!

2020-01-21 18:43:56,265: DeletesLoger | ШКОЛА "9390parent" была успешно удалёна!

2020-01-22 12:14:02,144: DeletesLoger | ШКОЛА "9391school" была успешно удалёна!
