
2020-01-20 19:31:54,512: UpdatesLoger | Данные РАСПИСАНИЕ успешно изменены с "2020-01-09 - 10 A - Новый предмет" на '2020-01-09 - 10 A - Новый предмет'.

2020-01-20 20:23:22,501: UpdatesLoger | Данные РАСПИСАНИЕ успешно изменены с "2020-01-09 - 10 A - Русский-яз." на '2020-01-09 - 10 A - Русский-яз.'.

2020-01-21 16:04:21,091: UpdatesLoger | Данные ПОЛЬЗОВАТЕЛЯ "9381school" были успешно изменены на '9381school'.

2020-01-21 16:09:59,307: UpdatesLoger | Данные ПОЛЬЗОВАТЕЛЯ "9381school" были успешно изменены на '9381school'.

2020-01-21 16:16:24,348: UpdatesLoger | Данные ПОЛЬЗОВАТЕЛЯ "430teacher" были успешно изменены на '430teacher'.

2020-01-21 16:18:02,659: UpdatesLoger | Данные ПОЛЬЗОВАТЕЛЯ "9381school" были успешно изменены на '9381school'.

2020-01-21 16:18:02,921: UpdatesLoger | Данные ПОЛЬЗОВАТЕЛЯ "9381school" были успешно изменены на '9381school'.

2020-01-21 16:38:57,708: UpdatesLoger | Данные ПОЛЬЗОВАТЕЛЯ "430teacher" были успешно изменены на '430teacher'.

2020-01-21 16:40:25,039: UpdatesLoger | Данные ПОЛЬЗОВАТЕЛЯ "430teacher" были успешно изменены на '430teacher'.

2020-01-21 16:41:27,326: UpdatesLoger | Данные ПОЛЬЗОВАТЕЛЯ "430teacher" были успешно изменены на '430teacher'.

2020-01-21 16:41:27,381: UpdatesLoger | Данные УЧИТЕЛЯ успешно изменены с "Пегий Дудочник Дудочник" на 'Пегий Дудочникsss Дудочник'.

2020-01-21 16:42:43,184: UpdatesLoger | Данные ПОЛЬЗОВАТЕЛЯ "430teacher" были успешно изменены на '430teacher'.

2020-01-21 16:42:43,272: UpdatesLoger | Данные УЧИТЕЛЯ успешно изменены с "Пегий Дудочникsss Дудочник" на 'Пегий Дудочникsss Дудочник'.

2020-01-21 16:42:51,100: UpdatesLoger | Данные ПОЛЬЗОВАТЕЛЯ "430teacher" были успешно изменены на '430teacher'.

2020-01-21 16:42:51,177: UpdatesLoger | Данные УЧИТЕЛЯ успешно изменены с "Пегий Дудочникsss Дудочник" на 'Пегий Дудочникsss Дудочник'.

2020-01-21 16:46:02,392: UpdatesLoger | Данные ПОЛЬЗОВАТЕЛЯ "430teacher" были успешно изменены на '430teacher'.

2020-01-21 16:46:02,480: UpdatesLoger | Данные УЧИТЕЛЯ успешно изменены с "Пегий Дудочникsss Дудочник" на 'Пегий Дудочникsss Дудочник'.

2020-01-21 16:46:43,544: UpdatesLoger | Данные ПОЛЬЗОВАТЕЛЯ "430teacher" были успешно изменены на '430teacher'.

2020-01-21 16:46:43,616: UpdatesLoger | Данные УЧИТЕЛЯ успешно изменены с "Пегий Дудочникsss Дудочник" на 'Пегий Дудочникsss Дудочник'.

2020-01-21 16:46:51,686: UpdatesLoger | Данные ПОЛЬЗОВАТЕЛЯ "430teacher" были успешно изменены на '430teacher'.

2020-01-21 16:46:51,757: UpdatesLoger | Данные УЧИТЕЛЯ успешно изменены с "Пегий Дудочникsss Дудочник" на 'Пегий Дудочникsss Дудочник'.

2020-01-21 16:49:37,168: UpdatesLoger | Данные ПОЛЬЗОВАТЕЛЯ "430teacher" были успешно изменены на '430teacher'.

2020-01-21 16:49:37,258: UpdatesLoger | Данные УЧИТЕЛЯ успешно изменены с "Пегий Дудочникsss Дудочник" на 'Пегий Дудочникsss Дудочник'.

2020-01-21 16:49:53,594: UpdatesLoger | Данные ПОЛЬЗОВАТЕЛЯ "430teacher" были успешно изменены на '430teacher'.

2020-01-21 16:49:53,690: UpdatesLoger | Данные УЧИТЕЛЯ успешно изменены с "Пегий Дудочникsss Дудочник" на 'Пегий Дудочникsss Дудочник'.

2020-01-21 16:51:10,301: UpdatesLoger | Данные ПОЛЬЗОВАТЕЛЯ "430teacher" были успешно изменены на '430teacher'.

2020-01-21 16:51:10,391: UpdatesLoger | Данные УЧИТЕЛЯ успешно изменены с "Пегий Дудочникsss Дудочник" на 'Пегий Дудочникsss Дудочник'.

2020-01-21 16:51:10,544: UpdatesLoger | Данные УЧИТЕЛЯ успешно изменены с "Пегий Дудочникsss Дудочник" на 'Пегий Дудочникsss Дудочник'.

2020-01-21 16:51:15,728: UpdatesLoger | Данные ПОЛЬЗОВАТЕЛЯ "430teacher" были успешно изменены на '430teacher'.

2020-01-21 16:51:15,821: UpdatesLoger | Данные УЧИТЕЛЯ успешно изменены с "Пегий Дудочникsss Дудочник" на 'Пегий Дудочникsss Дудочник'.

2020-01-21 16:51:16,091: UpdatesLoger | Данные УЧИТЕЛЯ успешно изменены с "Пегий Дудочникsss Дудочник" на 'Пегий Дудочникsss Дудочник'.

2020-01-21 17:31:48,770: UpdatesLoger | Данные КЛАССА успешно изменены с "10 И Таджикский" на '6 Ж Узбекский'.

2020-01-21 17:34:37,395: UpdatesLoger | Данные КЛАССА успешно изменены с "6 Ж Узбекский" на '6 Ж Узбекский'.

2020-01-21 17:34:37,472: UpdatesLoger | Данные КЛАССА успешно изменены с "6 Ж Узбекский" на '6 Ж Узбекский'.

2020-01-21 17:38:17,519: UpdatesLoger | Данные КЛАССА успешно изменены с "6 Ж Узбекский" на '6 Ж Узбекский'.

2020-01-21 17:38:17,606: UpdatesLoger | Данные КЛАССА успешно изменены с "6 Ж Узбекский" на '6 Ж Узбекский'.

2020-01-21 17:38:17,705: UpdatesLoger | Данные КЛАССА успешно изменены с "6 Ж Узбекский" на '6 Ж Узбекский'.

2020-01-21 17:38:45,979: UpdatesLoger | Данные КЛАССА успешно изменены с "6 Ж Узбекский" на '6 Ж Узбекский'.

2020-01-21 17:38:46,060: UpdatesLoger | Данные КЛАССА успешно изменены с "6 Ж Узбекский" на '6 Ж Узбекский'.

2020-01-21 17:38:46,154: UpdatesLoger | Данные КЛАССА успешно изменены с "6 Ж Узбекский" на '6 Ж Узбекский'.

2020-01-21 18:30:49,455: UpdatesLoger | Данные ПОЛЬЗОВАТЕЛЯ "9389parent" были успешно изменены на '9389parent'.

2020-01-21 18:34:36,944: UpdatesLoger | Данные ПОЛЬЗОВАТЕЛЯ "9389parent" были успешно изменены на '9389parent'.

2020-01-21 18:43:26,492: UpdatesLoger | Данные ПОЛЬЗОВАТЕЛЯ "9390parent" были успешно изменены на '9390parent'.
